2020-10-21 08:49:58|ERROR|App.Home.GetIndex|RedisException: NOAUTH Authentication required. in D:\My_project\wanyue_education_web_local\education_web\phalapi\src\app\redis.php:40
Stack trace:
#0 D:\My_project\wanyue_education_web_local\education_web\phalapi\src\app\redis.php(40): Redis->get('getSlide_1')
#1 D:\My_project\wanyue_education_web_local\education_web\phalapi\src\app\Domain\Home.php(12): App\getcaches('getSlide_1')
#2 D:\My_project\wanyue_education_web_local\education_web\phalapi\src\app\Api\Home.php(123): App\Domain\Home->getSilide()
#3 [internal function]: App\Api\Home->getIndex()
#4 D:\My_project\wanyue_education_web_local\education_web\phalapi\vendor\phalapi\kernal\src\PhalApi.php(53): call_user_func(Array)
#5 D:\My_project\wanyue_education_web_local\education_web\public\api\index.php(9): PhalApi\PhalApi->response()
#6 {main}
2020-10-21 08:50:16|ERROR|App.Home.GetIndex|RedisException: NOAUTH Authentication required. in D:\My_project\wanyue_education_web_local\education_web\phalapi\src\app\redis.php:40
Stack trace:
#0 D:\My_project\wanyue_education_web_local\education_web\phalapi\src\app\redis.php(40): Redis->get('getSlide_1')
#1 D:\My_project\wanyue_education_web_local\education_web\phalapi\src\app\Domain\Home.php(12): App\getcaches('getSlide_1')
#2 D:\My_project\wanyue_education_web_local\education_web\phalapi\src\app\Api\Home.php(123): App\Domain\Home->getSilide()
#3 [internal function]: App\Api\Home->getIndex()
#4 D:\My_project\wanyue_education_web_local\education_web\phalapi\vendor\phalapi\kernal\src\PhalApi.php(53): call_user_func(Array)
#5 D:\My_project\wanyue_education_web_local\education_web\public\api\index.php(9): PhalApi\PhalApi->response()
#6 {main}
2020-10-21 08:50:27|ERROR|App.Home.GetIndex|RedisException: NOAUTH Authentication required. in D:\My_project\wanyue_education_web_local\education_web\phalapi\src\app\redis.php:40
Stack trace:
#0 D:\My_project\wanyue_education_web_local\education_web\phalapi\src\app\redis.php(40): Redis->get('getSlide_1')
#1 D:\My_project\wanyue_education_web_local\education_web\phalapi\src\app\Domain\Home.php(12): App\getcaches('getSlide_1')
#2 D:\My_project\wanyue_education_web_local\education_web\phalapi\src\app\Api\Home.php(123): App\Domain\Home->getSilide()
#3 [internal function]: App\Api\Home->getIndex()
#4 D:\My_project\wanyue_education_web_local\education_web\phalapi\vendor\phalapi\kernal\src\PhalApi.php(53): call_user_func(Array)
#5 D:\My_project\wanyue_education_web_local\education_web\public\api\index.php(9): PhalApi\PhalApi->response()
#6 {main}
2020-10-21 08:50:37|ERROR|App.Course.GetDetail|RedisException: NOAUTH Authentication required. in D:\My_project\wanyue_education_web_local\education_web\phalapi\src\app\redis.php:84
Stack trace:
#0 D:\My_project\wanyue_education_web_local\education_web\phalapi\src\app\redis.php(84): Redis->hMset('token_2', Array)
#1 D:\My_project\wanyue_education_web_local\education_web\phalapi\src\app\functions.php(321): App\hMSet('token_2', Array)
#2 D:\My_project\wanyue_education_web_local\education_web\phalapi\src\app\Api\Course.php(270): App\checkToken('2', 'c389a5c6c2dfded...')
#3 [internal function]: App\Api\Course->getDetail()
#4 D:\My_project\wanyue_education_web_local\education_web\phalapi\vendor\phalapi\kernal\src\PhalApi.php(53): call_user_func(Array)
#5 D:\My_project\wanyue_education_web_local\education_web\public\api\index.php(9): PhalApi\PhalApi->response()
#6 {main}
2020-10-21 08:50:42|ERROR|App.Course.GetDetail|RedisException: NOAUTH Authentication required. in D:\My_project\wanyue_education_web_local\education_web\phalapi\src\app\redis.php:84
Stack trace:
#0 D:\My_project\wanyue_education_web_local\education_web\phalapi\src\app\redis.php(84): Redis->hMset('token_2', Array)
#1 D:\My_project\wanyue_education_web_local\education_web\phalapi\src\app\functions.php(321): App\hMSet('token_2', Array)
#2 D:\My_project\wanyue_education_web_local\education_web\phalapi\src\app\Api\Course.php(270): App\checkToken('2', 'c389a5c6c2dfded...')
#3 [internal function]: App\Api\Course->getDetail()
#4 D:\My_project\wanyue_education_web_local\education_web\phalapi\vendor\phalapi\kernal\src\PhalApi.php(53): call_user_func(Array)
#5 D:\My_project\wanyue_education_web_local\education_web\public\api\index.php(9): PhalApi\PhalApi->response()
#6 {main}
2020-10-21 08:50:45|ERROR|App.Course.GetDetail|RedisException: NOAUTH Authentication required. in D:\My_project\wanyue_education_web_local\education_web\phalapi\src\app\redis.php:84
Stack trace:
#0 D:\My_project\wanyue_education_web_local\education_web\phalapi\src\app\redis.php(84): Redis->hMset('token_2', Array)
#1 D:\My_project\wanyue_education_web_local\education_web\phalapi\src\app\functions.php(321): App\hMSet('token_2', Array)
#2 D:\My_project\wanyue_education_web_local\education_web\phalapi\src\app\Api\Course.php(270): App\checkToken('2', 'c389a5c6c2dfded...')
#3 [internal function]: App\Api\Course->getDetail()
#4 D:\My_project\wanyue_education_web_local\education_web\phalapi\vendor\phalapi\kernal\src\PhalApi.php(53): call_user_func(Array)
#5 D:\My_project\wanyue_education_web_local\education_web\public\api\index.php(9): PhalApi\PhalApi->response()
#6 {main}
2020-10-21 08:51:35|ERROR|App.Course.GetDetail|RedisException: NOAUTH Authentication required. in D:\My_project\wanyue_education_web_local\education_web\phalapi\src\app\redis.php:84
Stack trace:
#0 D:\My_project\wanyue_education_web_local\education_web\phalapi\src\app\redis.php(84): Redis->hMset('token_2', Array)
#1 D:\My_project\wanyue_education_web_local\education_web\phalapi\src\app\functions.php(321): App\hMSet('token_2', Array)
#2 D:\My_project\wanyue_education_web_local\education_web\phalapi\src\app\Api\Course.php(270): App\checkToken('2', 'c389a5c6c2dfded...')
#3 [internal function]: App\Api\Course->getDetail()
#4 D:\My_project\wanyue_education_web_local\education_web\phalapi\vendor\phalapi\kernal\src\PhalApi.php(53): call_user_func(Array)
#5 D:\My_project\wanyue_education_web_local\education_web\public\api\index.php(9): PhalApi\PhalApi->response()
#6 {main}
2020-10-21 08:51:36|ERROR|App.Course.GetDetail|RedisException: NOAUTH Authentication required. in D:\My_project\wanyue_education_web_local\education_web\phalapi\src\app\redis.php:84
Stack trace:
#0 D:\My_project\wanyue_education_web_local\education_web\phalapi\src\app\redis.php(84): Redis->hMset('token_2', Array)
#1 D:\My_project\wanyue_education_web_local\education_web\phalapi\src\app\functions.php(321): App\hMSet('token_2', Array)
#2 D:\My_project\wanyue_education_web_local\education_web\phalapi\src\app\Api\Course.php(270): App\checkToken('2', 'c389a5c6c2dfded...')
#3 [internal function]: App\Api\Course->getDetail()
#4 D:\My_project\wanyue_education_web_local\education_web\phalapi\vendor\phalapi\kernal\src\PhalApi.php(53): call_user_func(Array)
#5 D:\My_project\wanyue_education_web_local\education_web\public\api\index.php(9): PhalApi\PhalApi->response()
#6 {main}
2020-10-21 08:51:43|ERROR|App.Course.GetDetail|RedisException: NOAUTH Authentication required. in D:\My_project\wanyue_education_web_local\education_web\phalapi\src\app\redis.php:84
Stack trace:
#0 D:\My_project\wanyue_education_web_local\education_web\phalapi\src\app\redis.php(84): Redis->hMset('token_2', Array)
#1 D:\My_project\wanyue_education_web_local\education_web\phalapi\src\app\functions.php(321): App\hMSet('token_2', Array)
#2 D:\My_project\wanyue_education_web_local\education_web\phalapi\src\app\Api\Course.php(270): App\checkToken('2', 'c389a5c6c2dfded...')
#3 [internal function]: App\Api\Course->getDetail()
#4 D:\My_project\wanyue_education_web_local\education_web\phalapi\vendor\phalapi\kernal\src\PhalApi.php(53): call_user_func(Array)
#5 D:\My_project\wanyue_education_web_local\education_web\public\api\index.php(9): PhalApi\PhalApi->response()
#6 {main}
2020-10-21 08:51:58|ERROR|App.Course.GetDetail|RedisException: NOAUTH Authentication required. in D:\My_project\wanyue_education_web_local\education_web\phalapi\src\app\redis.php:84
Stack trace:
#0 D:\My_project\wanyue_education_web_local\education_web\phalapi\src\app\redis.php(84): Redis->hMset('token_2', Array)
#1 D:\My_project\wanyue_education_web_local\education_web\phalapi\src\app\functions.php(321): App\hMSet('token_2', Array)
#2 D:\My_project\wanyue_education_web_local\education_web\phalapi\src\app\Api\Course.php(270): App\checkToken('2', 'c389a5c6c2dfded...')
#3 [internal function]: App\Api\Course->getDetail()
#4 D:\My_project\wanyue_education_web_local\education_web\phalapi\vendor\phalapi\kernal\src\PhalApi.php(53): call_user_func(Array)
#5 D:\My_project\wanyue_education_web_local\education_web\public\api\index.php(9): PhalApi\PhalApi->response()
#6 {main}
2020-10-21 08:52:01|ERROR|App.Course.GetDetail|RedisException: NOAUTH Authentication required. in D:\My_project\wanyue_education_web_local\education_web\phalapi\src\app\redis.php:84
Stack trace:
#0 D:\My_project\wanyue_education_web_local\education_web\phalapi\src\app\redis.php(84): Redis->hMset('token_2', Array)
#1 D:\My_project\wanyue_education_web_local\education_web\phalapi\src\app\functions.php(321): App\hMSet('token_2', Array)
#2 D:\My_project\wanyue_education_web_local\education_web\phalapi\src\app\Api\Course.php(270): App\checkToken('2', 'c389a5c6c2dfded...')
#3 [internal function]: App\Api\Course->getDetail()
#4 D:\My_project\wanyue_education_web_local\education_web\phalapi\vendor\phalapi\kernal\src\PhalApi.php(53): call_user_func(Array)
#5 D:\My_project\wanyue_education_web_local\education_web\public\api\index.php(9): PhalApi\PhalApi->response()
#6 {main}
2020-10-21 08:52:06|ERROR|App.Course.GetDetail|RedisException: NOAUTH Authentication required. in D:\My_project\wanyue_education_web_local\education_web\phalapi\src\app\redis.php:84
Stack trace:
#0 D:\My_project\wanyue_education_web_local\education_web\phalapi\src\app\redis.php(84): Redis->hMset('token_2', Array)
#1 D:\My_project\wanyue_education_web_local\education_web\phalapi\src\app\functions.php(321): App\hMSet('token_2', Array)
#2 D:\My_project\wanyue_education_web_local\education_web\phalapi\src\app\Api\Course.php(270): App\checkToken('2', 'c389a5c6c2dfded...')
#3 [internal function]: App\Api\Course->getDetail()
#4 D:\My_project\wanyue_education_web_local\education_web\phalapi\vendor\phalapi\kernal\src\PhalApi.php(53): call_user_func(Array)
#5 D:\My_project\wanyue_education_web_local\education_web\public\api\index.php(9): PhalApi\PhalApi->response()
#6 {main}
2020-10-21 08:52:08|ERROR|App.Course.GetDetail|RedisException: NOAUTH Authentication required. in D:\My_project\wanyue_education_web_local\education_web\phalapi\src\app\redis.php:84
Stack trace:
#0 D:\My_project\wanyue_education_web_local\education_web\phalapi\src\app\redis.php(84): Redis->hMset('token_2', Array)
#1 D:\My_project\wanyue_education_web_local\education_web\phalapi\src\app\functions.php(321): App\hMSet('token_2', Array)
#2 D:\My_project\wanyue_education_web_local\education_web\phalapi\src\app\Api\Course.php(270): App\checkToken('2', 'c389a5c6c2dfded...')
#3 [internal function]: App\Api\Course->getDetail()
#4 D:\My_project\wanyue_education_web_local\education_web\phalapi\vendor\phalapi\kernal\src\PhalApi.php(53): call_user_func(Array)
#5 D:\My_project\wanyue_education_web_local\education_web\public\api\index.php(9): PhalApi\PhalApi->response()
#6 {main}
2020-10-21 08:52:13|ERROR|App.Course.GetDetail|RedisException: NOAUTH Authentication required. in D:\My_project\wanyue_education_web_local\education_web\phalapi\src\app\redis.php:84
Stack trace:
#0 D:\My_project\wanyue_education_web_local\education_web\phalapi\src\app\redis.php(84): Redis->hMset('token_2', Array)
#1 D:\My_project\wanyue_education_web_local\education_web\phalapi\src\app\functions.php(321): App\hMSet('token_2', Array)
#2 D:\My_project\wanyue_education_web_local\education_web\phalapi\src\app\Api\Course.php(270): App\checkToken('2', 'c389a5c6c2dfded...')
#3 [internal function]: App\Api\Course->getDetail()
#4 D:\My_project\wanyue_education_web_local\education_web\phalapi\vendor\phalapi\kernal\src\PhalApi.php(53): call_user_func(Array)
#5 D:\My_project\wanyue_education_web_local\education_web\public\api\index.php(9): PhalApi\PhalApi->response()
#6 {main}
2020-10-21 08:52:18|ERROR|App.Course.GetDetail|RedisException: NOAUTH Authentication required. in D:\My_project\wanyue_education_web_local\education_web\phalapi\src\app\redis.php:84
Stack trace:
#0 D:\My_project\wanyue_education_web_local\education_web\phalapi\src\app\redis.php(84): Redis->hMset('token_2', Array)
#1 D:\My_project\wanyue_education_web_local\education_web\phalapi\src\app\functions.php(321): App\hMSet('token_2', Array)
#2 D:\My_project\wanyue_education_web_local\education_web\phalapi\src\app\Api\Course.php(270): App\checkToken('2', 'c389a5c6c2dfded...')
#3 [internal function]: App\Api\Course->getDetail()
#4 D:\My_project\wanyue_education_web_local\education_web\phalapi\vendor\phalapi\kernal\src\PhalApi.php(53): call_user_func(Array)
#5 D:\My_project\wanyue_education_web_local\education_web\public\api\index.php(9): PhalApi\PhalApi->response()
#6 {main}
2020-10-21 08:52:23|ERROR|App.Course.GetDetail|RedisException: NOAUTH Authentication required. in D:\My_project\wanyue_education_web_local\education_web\phalapi\src\app\redis.php:84
Stack trace:
#0 D:\My_project\wanyue_education_web_local\education_web\phalapi\src\app\redis.php(84): Redis->hMset('token_2', Array)
#1 D:\My_project\wanyue_education_web_local\education_web\phalapi\src\app\functions.php(321): App\hMSet('token_2', Array)
#2 D:\My_project\wanyue_education_web_local\education_web\phalapi\src\app\Api\Course.php(270): App\checkToken('2', 'c389a5c6c2dfded...')
#3 [internal function]: App\Api\Course->getDetail()
#4 D:\My_project\wanyue_education_web_local\education_web\phalapi\vendor\phalapi\kernal\src\PhalApi.php(53): call_user_func(Array)
#5 D:\My_project\wanyue_education_web_local\education_web\public\api\index.php(9): PhalApi\PhalApi->response()
#6 {main}
2020-10-21 08:52:25|ERROR|App.Course.GetDetail|RedisException: NOAUTH Authentication required. in D:\My_project\wanyue_education_web_local\education_web\phalapi\src\app\redis.php:84
Stack trace:
#0 D:\My_project\wanyue_education_web_local\education_web\phalapi\src\app\redis.php(84): Redis->hMset('token_2', Array)
#1 D:\My_project\wanyue_education_web_local\education_web\phalapi\src\app\functions.php(321): App\hMSet('token_2', Array)
#2 D:\My_project\wanyue_education_web_local\education_web\phalapi\src\app\Api\Course.php(270): App\checkToken('2', 'c389a5c6c2dfded...')
#3 [internal function]: App\Api\Course->getDetail()
#4 D:\My_project\wanyue_education_web_local\education_web\phalapi\vendor\phalapi\kernal\src\PhalApi.php(53): call_user_func(Array)
#5 D:\My_project\wanyue_education_web_local\education_web\public\api\index.php(9): PhalApi\PhalApi->response()
#6 {main}
2020-10-21 08:52:49|ERROR|App.Course.GetDetail|RedisException: NOAUTH Authentication required. in D:\My_project\wanyue_education_web_local\education_web\phalapi\src\app\redis.php:84
Stack trace:
#0 D:\My_project\wanyue_education_web_local\education_web\phalapi\src\app\redis.php(84): Redis->hMset('token_2', Array)
#1 D:\My_project\wanyue_education_web_local\education_web\phalapi\src\app\functions.php(321): App\hMSet('token_2', Array)
#2 D:\My_project\wanyue_education_web_local\education_web\phalapi\src\app\Api\Course.php(270): App\checkToken('2', 'c389a5c6c2dfded...')
#3 [internal function]: App\Api\Course->getDetail()
#4 D:\My_project\wanyue_education_web_local\education_web\phalapi\vendor\phalapi\kernal\src\PhalApi.php(53): call_user_func(Array)
#5 D:\My_project\wanyue_education_web_local\education_web\public\api\index.php(9): PhalApi\PhalApi->response()
#6 {main}
2020-10-21 08:53:38|ERROR|App.Course.GetDetail|RedisException: NOAUTH Authentication required. in D:\My_project\wanyue_education_web_local\education_web\phalapi\src\app\redis.php:84
Stack trace:
#0 D:\My_project\wanyue_education_web_local\education_web\phalapi\src\app\redis.php(84): Redis->hMset('token_2', Array)
#1 D:\My_project\wanyue_education_web_local\education_web\phalapi\src\app\functions.php(321): App\hMSet('token_2', Array)
#2 D:\My_project\wanyue_education_web_local\education_web\phalapi\src\app\Api\Course.php(270): App\checkToken('2', 'c389a5c6c2dfded...')
#3 [internal function]: App\Api\Course->getDetail()
#4 D:\My_project\wanyue_education_web_local\education_web\phalapi\vendor\phalapi\kernal\src\PhalApi.php(53): call_user_func(Array)
#5 D:\My_project\wanyue_education_web_local\education_web\public\api\index.php(9): PhalApi\PhalApi->response()
#6 {main}
2020-10-21 08:53:41|ERROR|App.Course.GetDetail|RedisException: NOAUTH Authentication required. in D:\My_project\wanyue_education_web_local\education_web\phalapi\src\app\redis.php:84
Stack trace:
#0 D:\My_project\wanyue_education_web_local\education_web\phalapi\src\app\redis.php(84): Redis->hMset('token_2', Array)
#1 D:\My_project\wanyue_education_web_local\education_web\phalapi\src\app\functions.php(321): App\hMSet('token_2', Array)
#2 D:\My_project\wanyue_education_web_local\education_web\phalapi\src\app\Api\Course.php(270): App\checkToken('2', 'c389a5c6c2dfded...')
#3 [internal function]: App\Api\Course->getDetail()
#4 D:\My_project\wanyue_education_web_local\education_web\phalapi\vendor\phalapi\kernal\src\PhalApi.php(53): call_user_func(Array)
#5 D:\My_project\wanyue_education_web_local\education_web\public\api\index.php(9): PhalApi\PhalApi->response()
#6 {main}
2020-10-21 08:53:45|ERROR|App.Course.GetDetail|RedisException: NOAUTH Authentication required. in D:\My_project\wanyue_education_web_local\education_web\phalapi\src\app\redis.php:84
Stack trace:
#0 D:\My_project\wanyue_education_web_local\education_web\phalapi\src\app\redis.php(84): Redis->hMset('token_2', Array)
#1 D:\My_project\wanyue_education_web_local\education_web\phalapi\src\app\functions.php(321): App\hMSet('token_2', Array)
#2 D:\My_project\wanyue_education_web_local\education_web\phalapi\src\app\Api\Course.php(270): App\checkToken('2', 'c389a5c6c2dfded...')
#3 [internal function]: App\Api\Course->getDetail()
#4 D:\My_project\wanyue_education_web_local\education_web\phalapi\vendor\phalapi\kernal\src\PhalApi.php(53): call_user_func(Array)
#5 D:\My_project\wanyue_education_web_local\education_web\public\api\index.php(9): PhalApi\PhalApi->response()
#6 {main}
2020-10-21 08:56:01|ERROR|App.Course.GetDetail|RedisException: NOAUTH Authentication required. in D:\My_project\wanyue_education_web_local\education_web\phalapi\src\app\redis.php:84
Stack trace:
#0 D:\My_project\wanyue_education_web_local\education_web\phalapi\src\app\redis.php(84): Redis->hMset('token_2', Array)
#1 D:\My_project\wanyue_education_web_local\education_web\phalapi\src\app\functions.php(321): App\hMSet('token_2', Array)
#2 D:\My_project\wanyue_education_web_local\education_web\phalapi\src\app\Api\Course.php(270): App\checkToken('2', 'c389a5c6c2dfded...')
#3 [internal function]: App\Api\Course->getDetail()
#4 D:\My_project\wanyue_education_web_local\education_web\phalapi\vendor\phalapi\kernal\src\PhalApi.php(53): call_user_func(Array)
#5 D:\My_project\wanyue_education_web_local\education_web\public\api\index.php(9): PhalApi\PhalApi->response()
#6 {main}
2020-10-21 08:56:05|ERROR|App.Course.GetDetail|RedisException: NOAUTH Authentication required. in D:\My_project\wanyue_education_web_local\education_web\phalapi\src\app\redis.php:84
Stack trace:
#0 D:\My_project\wanyue_education_web_local\education_web\phalapi\src\app\redis.php(84): Redis->hMset('token_2', Array)
#1 D:\My_project\wanyue_education_web_local\education_web\phalapi\src\app\functions.php(321): App\hMSet('token_2', Array)
#2 D:\My_project\wanyue_education_web_local\education_web\phalapi\src\app\Api\Course.php(270): App\checkToken('2', 'c389a5c6c2dfded...')
#3 [internal function]: App\Api\Course->getDetail()
#4 D:\My_project\wanyue_education_web_local\education_web\phalapi\vendor\phalapi\kernal\src\PhalApi.php(53): call_user_func(Array)
#5 D:\My_project\wanyue_education_web_local\education_web\public\api\index.php(9): PhalApi\PhalApi->response()
#6 {main}
2020-10-21 08:56:11|ERROR|App.Course.GetDetail|RedisException: NOAUTH Authentication required. in D:\My_project\wanyue_education_web_local\education_web\phalapi\src\app\redis.php:84
Stack trace:
#0 D:\My_project\wanyue_education_web_local\education_web\phalapi\src\app\redis.php(84): Redis->hMset('token_2', Array)
#1 D:\My_project\wanyue_education_web_local\education_web\phalapi\src\app\functions.php(321): App\hMSet('token_2', Array)
#2 D:\My_project\wanyue_education_web_local\education_web\phalapi\src\app\Api\Course.php(270): App\checkToken('2', 'c389a5c6c2dfded...')
#3 [internal function]: App\Api\Course->getDetail()
#4 D:\My_project\wanyue_education_web_local\education_web\phalapi\vendor\phalapi\kernal\src\PhalApi.php(53): call_user_func(Array)
#5 D:\My_project\wanyue_education_web_local\education_web\public\api\index.php(9): PhalApi\PhalApi->response()
#6 {main}
2020-10-21 08:56:39|ERROR|App.Course.GetDetail|RedisException: NOAUTH Authentication required. in D:\My_project\wanyue_education_web_local\education_web\phalapi\src\app\redis.php:84
Stack trace:
#0 D:\My_project\wanyue_education_web_local\education_web\phalapi\src\app\redis.php(84): Redis->hMset('token_2', Array)
#1 D:\My_project\wanyue_education_web_local\education_web\phalapi\src\app\functions.php(321): App\hMSet('token_2', Array)
#2 D:\My_project\wanyue_education_web_local\education_web\phalapi\src\app\Api\Course.php(270): App\checkToken('2', 'c389a5c6c2dfded...')
#3 [internal function]: App\Api\Course->getDetail()
#4 D:\My_project\wanyue_education_web_local\education_web\phalapi\vendor\phalapi\kernal\src\PhalApi.php(53): call_user_func(Array)
#5 D:\My_project\wanyue_education_web_local\education_web\public\api\index.php(9): PhalApi\PhalApi->response()
#6 {main}
2020-10-21 08:56:42|ERROR|App.Course.GetDetail|RedisException: NOAUTH Authentication required. in D:\My_project\wanyue_education_web_local\education_web\phalapi\src\app\redis.php:84
Stack trace:
#0 D:\My_project\wanyue_education_web_local\education_web\phalapi\src\app\redis.php(84): Redis->hMset('token_2', Array)
#1 D:\My_project\wanyue_education_web_local\education_web\phalapi\src\app\functions.php(321): App\hMSet('token_2', Array)
#2 D:\My_project\wanyue_education_web_local\education_web\phalapi\src\app\Api\Course.php(270): App\checkToken('2', 'c389a5c6c2dfded...')
#3 [internal function]: App\Api\Course->getDetail()
#4 D:\My_project\wanyue_education_web_local\education_web\phalapi\vendor\phalapi\kernal\src\PhalApi.php(53): call_user_func(Array)
#5 D:\My_project\wanyue_education_web_local\education_web\public\api\index.php(9): PhalApi\PhalApi->response()
#6 {main}
2020-10-21 08:56:47|ERROR|App.Course.GetDetail|RedisException: NOAUTH Authentication required. in D:\My_project\wanyue_education_web_local\education_web\phalapi\src\app\redis.php:84
Stack trace:
#0 D:\My_project\wanyue_education_web_local\education_web\phalapi\src\app\redis.php(84): Redis->hMset('token_2', Array)
#1 D:\My_project\wanyue_education_web_local\education_web\phalapi\src\app\functions.php(321): App\hMSet('token_2', Array)
#2 D:\My_project\wanyue_education_web_local\education_web\phalapi\src\app\Api\Course.php(270): App\checkToken('2', 'c389a5c6c2dfded...')
#3 [internal function]: App\Api\Course->getDetail()
#4 D:\My_project\wanyue_education_web_local\education_web\phalapi\vendor\phalapi\kernal\src\PhalApi.php(53): call_user_func(Array)
#5 D:\My_project\wanyue_education_web_local\education_web\public\api\index.php(9): PhalApi\PhalApi->response()
#6 {main}
2020-10-21 08:56:53|ERROR|App.Course.GetDetail|RedisException: NOAUTH Authentication required. in D:\My_project\wanyue_education_web_local\education_web\phalapi\src\app\redis.php:84
Stack trace:
#0 D:\My_project\wanyue_education_web_local\education_web\phalapi\src\app\redis.php(84): Redis->hMset('token_2', Array)
#1 D:\My_project\wanyue_education_web_local\education_web\phalapi\src\app\functions.php(321): App\hMSet('token_2', Array)
#2 D:\My_project\wanyue_education_web_local\education_web\phalapi\src\app\Api\Course.php(270): App\checkToken('2', 'c389a5c6c2dfded...')
#3 [internal function]: App\Api\Course->getDetail()
#4 D:\My_project\wanyue_education_web_local\education_web\phalapi\vendor\phalapi\kernal\src\PhalApi.php(53): call_user_func(Array)
#5 D:\My_project\wanyue_education_web_local\education_web\public\api\index.php(9): PhalApi\PhalApi->response()
#6 {main}
2020-10-21 08:57:00|ERROR|App.Course.GetDetail|RedisException: NOAUTH Authentication required. in D:\My_project\wanyue_education_web_local\education_web\phalapi\src\app\redis.php:84
Stack trace:
#0 D:\My_project\wanyue_education_web_local\education_web\phalapi\src\app\redis.php(84): Redis->hMset('token_2', Array)
#1 D:\My_project\wanyue_education_web_local\education_web\phalapi\src\app\functions.php(321): App\hMSet('token_2', Array)
#2 D:\My_project\wanyue_education_web_local\education_web\phalapi\src\app\Api\Course.php(270): App\checkToken('2', 'c389a5c6c2dfded...')
#3 [internal function]: App\Api\Course->getDetail()
#4 D:\My_project\wanyue_education_web_local\education_web\phalapi\vendor\phalapi\kernal\src\PhalApi.php(53): call_user_func(Array)
#5 D:\My_project\wanyue_education_web_local\education_web\public\api\index.php(9): PhalApi\PhalApi->response()
#6 {main}
2020-10-21 08:57:09|ERROR|App.Course.GetDetail|RedisException: NOAUTH Authentication required. in D:\My_project\wanyue_education_web_local\education_web\phalapi\src\app\redis.php:84
Stack trace:
#0 D:\My_project\wanyue_education_web_local\education_web\phalapi\src\app\redis.php(84): Redis->hMset('token_2', Array)
#1 D:\My_project\wanyue_education_web_local\education_web\phalapi\src\app\functions.php(321): App\hMSet('token_2', Array)
#2 D:\My_project\wanyue_education_web_local\education_web\phalapi\src\app\Api\Course.php(270): App\checkToken('2', 'c389a5c6c2dfded...')
#3 [internal function]: App\Api\Course->getDetail()
#4 D:\My_project\wanyue_education_web_local\education_web\phalapi\vendor\phalapi\kernal\src\PhalApi.php(53): call_user_func(Array)
#5 D:\My_project\wanyue_education_web_local\education_web\public\api\index.php(9): PhalApi\PhalApi->response()
#6 {main}
2020-10-21 08:57:14|ERROR|App.Course.GetDetail|RedisException: NOAUTH Authentication required. in D:\My_project\wanyue_education_web_local\education_web\phalapi\src\app\redis.php:84
Stack trace:
#0 D:\My_project\wanyue_education_web_local\education_web\phalapi\src\app\redis.php(84): Redis->hMset('token_2', Array)
#1 D:\My_project\wanyue_education_web_local\education_web\phalapi\src\app\functions.php(321): App\hMSet('token_2', Array)
#2 D:\My_project\wanyue_education_web_local\education_web\phalapi\src\app\Api\Course.php(270): App\checkToken('2', 'c389a5c6c2dfded...')
#3 [internal function]: App\Api\Course->getDetail()
#4 D:\My_project\wanyue_education_web_local\education_web\phalapi\vendor\phalapi\kernal\src\PhalApi.php(53): call_user_func(Array)
#5 D:\My_project\wanyue_education_web_local\education_web\public\api\index.php(9): PhalApi\PhalApi->response()
#6 {main}
2020-10-21 08:57:46|ERROR|App.Course.GetDetail|RedisException: NOAUTH Authentication required. in D:\My_project\wanyue_education_web_local\education_web\phalapi\src\app\redis.php:84
Stack trace:
#0 D:\My_project\wanyue_education_web_local\education_web\phalapi\src\app\redis.php(84): Redis->hMset('token_2', Array)
#1 D:\My_project\wanyue_education_web_local\education_web\phalapi\src\app\functions.php(321): App\hMSet('token_2', Array)
#2 D:\My_project\wanyue_education_web_local\education_web\phalapi\src\app\Api\Course.php(270): App\checkToken('2', 'c389a5c6c2dfded...')
#3 [internal function]: App\Api\Course->getDetail()
#4 D:\My_project\wanyue_education_web_local\education_web\phalapi\vendor\phalapi\kernal\src\PhalApi.php(53): call_user_func(Array)
#5 D:\My_project\wanyue_education_web_local\education_web\public\api\index.php(9): PhalApi\PhalApi->response()
#6 {main}
2020-10-21 09:01:55|ERROR|App.Course.GetDetail|RedisException: NOAUTH Authentication required. in D:\My_project\wanyue_education_web_local\education_web\phalapi\src\app\redis.php:84
Stack trace:
#0 D:\My_project\wanyue_education_web_local\education_web\phalapi\src\app\redis.php(84): Redis->hMset('token_2', Array)
#1 D:\My_project\wanyue_education_web_local\education_web\phalapi\src\app\functions.php(321): App\hMSet('token_2', Array)
#2 D:\My_project\wanyue_education_web_local\education_web\phalapi\src\app\Api\Course.php(270): App\checkToken('2', 'c389a5c6c2dfded...')
#3 [internal function]: App\Api\Course->getDetail()
#4 D:\My_project\wanyue_education_web_local\education_web\phalapi\vendor\phalapi\kernal\src\PhalApi.php(53): call_user_func(Array)
#5 D:\My_project\wanyue_education_web_local\education_web\public\api\index.php(9): PhalApi\PhalApi->response()
#6 {main}
2020-10-21 09:02:21|ERROR|App.Course.GetDetail|RedisException: NOAUTH Authentication required. in D:\My_project\wanyue_education_web_local\education_web\phalapi\src\app\redis.php:84
Stack trace:
#0 D:\My_project\wanyue_education_web_local\education_web\phalapi\src\app\redis.php(84): Redis->hMset('token_2', Array)
#1 D:\My_project\wanyue_education_web_local\education_web\phalapi\src\app\functions.php(321): App\hMSet('token_2', Array)
#2 D:\My_project\wanyue_education_web_local\education_web\phalapi\src\app\Api\Course.php(270): App\checkToken('2', 'c389a5c6c2dfded...')
#3 [internal function]: App\Api\Course->getDetail()
#4 D:\My_project\wanyue_education_web_local\education_web\phalapi\vendor\phalapi\kernal\src\PhalApi.php(53): call_user_func(Array)
#5 D:\My_project\wanyue_education_web_local\education_web\public\api\index.php(9): PhalApi\PhalApi->response()
#6 {main}
2020-10-21 09:02:22|ERROR|App.Course.GetDetail|RedisException: NOAUTH Authentication required. in D:\My_project\wanyue_education_web_local\education_web\phalapi\src\app\redis.php:84
Stack trace:
#0 D:\My_project\wanyue_education_web_local\education_web\phalapi\src\app\redis.php(84): Redis->hMset('token_2', Array)
#1 D:\My_project\wanyue_education_web_local\education_web\phalapi\src\app\functions.php(321): App\hMSet('token_2', Array)
#2 D:\My_project\wanyue_education_web_local\education_web\phalapi\src\app\Api\Course.php(270): App\checkToken('2', 'c389a5c6c2dfded...')
#3 [internal function]: App\Api\Course->getDetail()
#4 D:\My_project\wanyue_education_web_local\education_web\phalapi\vendor\phalapi\kernal\src\PhalApi.php(53): call_user_func(Array)
#5 D:\My_project\wanyue_education_web_local\education_web\public\api\index.php(9): PhalApi\PhalApi->response()
#6 {main}
2020-10-21 09:02:22|ERROR|App.Course.GetDetail|RedisException: NOAUTH Authentication required. in D:\My_project\wanyue_education_web_local\education_web\phalapi\src\app\redis.php:84
Stack trace:
#0 D:\My_project\wanyue_education_web_local\education_web\phalapi\src\app\redis.php(84): Redis->hMset('token_2', Array)
#1 D:\My_project\wanyue_education_web_local\education_web\phalapi\src\app\functions.php(321): App\hMSet('token_2', Array)
#2 D:\My_project\wanyue_education_web_local\education_web\phalapi\src\app\Api\Course.php(270): App\checkToken('2', 'c389a5c6c2dfded...')
#3 [internal function]: App\Api\Course->getDetail()
#4 D:\My_project\wanyue_education_web_local\education_web\phalapi\vendor\phalapi\kernal\src\PhalApi.php(53): call_user_func(Array)
#5 D:\My_project\wanyue_education_web_local\education_web\public\api\index.php(9): PhalApi\PhalApi->response()
#6 {main}
2020-10-21 09:02:22|ERROR|App.Course.GetDetail|RedisException: NOAUTH Authentication required. in D:\My_project\wanyue_education_web_local\education_web\phalapi\src\app\redis.php:84
Stack trace:
#0 D:\My_project\wanyue_education_web_local\education_web\phalapi\src\app\redis.php(84): Redis->hMset('token_2', Array)
#1 D:\My_project\wanyue_education_web_local\education_web\phalapi\src\app\functions.php(321): App\hMSet('token_2', Array)
#2 D:\My_project\wanyue_education_web_local\education_web\phalapi\src\app\Api\Course.php(270): App\checkToken('2', 'c389a5c6c2dfded...')
#3 [internal function]: App\Api\Course->getDetail()
#4 D:\My_project\wanyue_education_web_local\education_web\phalapi\vendor\phalapi\kernal\src\PhalApi.php(53): call_user_func(Array)
#5 D:\My_project\wanyue_education_web_local\education_web\public\api\index.php(9): PhalApi\PhalApi->response()
#6 {main}
2020-10-21 09:06:13|ERROR|App.Course.GetDetail|RedisException: NOAUTH Authentication required. in D:\My_project\wanyue_education_web_local\education_web\phalapi\src\app\redis.php:84
Stack trace:
#0 D:\My_project\wanyue_education_web_local\education_web\phalapi\src\app\redis.php(84): Redis->hMset('token_2', Array)
#1 D:\My_project\wanyue_education_web_local\education_web\phalapi\src\app\functions.php(321): App\hMSet('token_2', Array)
#2 D:\My_project\wanyue_education_web_local\education_web\phalapi\src\app\Api\Course.php(270): App\checkToken('2', 'c389a5c6c2dfded...')
#3 [internal function]: App\Api\Course->getDetail()
#4 D:\My_project\wanyue_education_web_local\education_web\phalapi\vendor\phalapi\kernal\src\PhalApi.php(53): call_user_func(Array)
#5 D:\My_project\wanyue_education_web_local\education_web\public\api\index.php(9): PhalApi\PhalApi->response()
#6 {main}
2020-10-21 09:08:40|ERROR|App.Course.GetDetail|RedisException: NOAUTH Authentication required. in D:\My_project\wanyue_education_web_local\education_web\phalapi\src\app\redis.php:84
Stack trace:
#0 D:\My_project\wanyue_education_web_local\education_web\phalapi\src\app\redis.php(84): Redis->hMset('token_2', Array)
#1 D:\My_project\wanyue_education_web_local\education_web\phalapi\src\app\functions.php(323): App\hMSet('token_2', Array)
#2 D:\My_project\wanyue_education_web_local\education_web\phalapi\src\app\Api\Course.php(270): App\checkToken('2', 'c389a5c6c2dfded...')
#3 [internal function]: App\Api\Course->getDetail()
#4 D:\My_project\wanyue_education_web_local\education_web\phalapi\vendor\phalapi\kernal\src\PhalApi.php(53): call_user_func(Array)
#5 D:\My_project\wanyue_education_web_local\education_web\public\api\index.php(9): PhalApi\PhalApi->response()
#6 {main}
2020-10-21 09:12:14|ERROR|App.Course.GetDetail|RedisException: NOAUTH Authentication required. in D:\My_project\wanyue_education_web_local\education_web\phalapi\src\app\redis.php:84
Stack trace:
#0 D:\My_project\wanyue_education_web_local\education_web\phalapi\src\app\redis.php(84): Redis->hMset('token_2', Array)
#1 D:\My_project\wanyue_education_web_local\education_web\phalapi\src\app\functions.php(323): App\hMSet('token_2', Array)
#2 D:\My_project\wanyue_education_web_local\education_web\phalapi\src\app\Api\Course.php(270): App\checkToken('2', 'c389a5c6c2dfded...')
#3 [internal function]: App\Api\Course->getDetail()
#4 D:\My_project\wanyue_education_web_local\education_web\phalapi\vendor\phalapi\kernal\src\PhalApi.php(53): call_user_func(Array)
#5 D:\My_project\wanyue_education_web_local\education_web\public\api\index.php(9): PhalApi\PhalApi->response()
#6 {main}
2020-10-21 09:13:03|ERROR|App.Course.GetDetail|RedisException: NOAUTH Authentication required. in D:\My_project\wanyue_education_web_local\education_web\phalapi\src\app\redis.php:84
Stack trace:
#0 D:\My_project\wanyue_education_web_local\education_web\phalapi\src\app\redis.php(84): Redis->hMset('token_2', Array)
#1 D:\My_project\wanyue_education_web_local\education_web\phalapi\src\app\functions.php(323): App\hMSet('token_2', Array)
#2 D:\My_project\wanyue_education_web_local\education_web\phalapi\src\app\Api\Course.php(270): App\checkToken('2', 'c389a5c6c2dfded...')
#3 [internal function]: App\Api\Course->getDetail()
#4 D:\My_project\wanyue_education_web_local\education_web\phalapi\vendor\phalapi\kernal\src\PhalApi.php(53): call_user_func(Array)
#5 D:\My_project\wanyue_education_web_local\education_web\public\api\index.php(9): PhalApi\PhalApi->response()
#6 {main}
2020-10-21 09:13:12|ERROR|App.Course.GetDetail|RedisException: NOAUTH Authentication required. in D:\My_project\wanyue_education_web_local\education_web\phalapi\src\app\redis.php:84
Stack trace:
#0 D:\My_project\wanyue_education_web_local\education_web\phalapi\src\app\redis.php(84): Redis->hMset('token_2', Array)
#1 D:\My_project\wanyue_education_web_local\education_web\phalapi\src\app\functions.php(323): App\hMSet('token_2', Array)
#2 D:\My_project\wanyue_education_web_local\education_web\phalapi\src\app\Api\Course.php(270): App\checkToken('2', 'c389a5c6c2dfded...')
#3 [internal function]: App\Api\Course->getDetail()
#4 D:\My_project\wanyue_education_web_local\education_web\phalapi\vendor\phalapi\kernal\src\PhalApi.php(53): call_user_func(Array)
#5 D:\My_project\wanyue_education_web_local\education_web\public\api\index.php(9): PhalApi\PhalApi->response()
#6 {main}
2020-10-21 09:13:12|ERROR|App.Course.GetDetail|RedisException: NOAUTH Authentication required. in D:\My_project\wanyue_education_web_local\education_web\phalapi\src\app\redis.php:84
Stack trace:
#0 D:\My_project\wanyue_education_web_local\education_web\phalapi\src\app\redis.php(84): Redis->hMset('token_2', Array)
#1 D:\My_project\wanyue_education_web_local\education_web\phalapi\src\app\functions.php(323): App\hMSet('token_2', Array)
#2 D:\My_project\wanyue_education_web_local\education_web\phalapi\src\app\Api\Course.php(270): App\checkToken('2', 'c389a5c6c2dfded...')
#3 [internal function]: App\Api\Course->getDetail()
#4 D:\My_project\wanyue_education_web_local\education_web\phalapi\vendor\phalapi\kernal\src\PhalApi.php(53): call_user_func(Array)
#5 D:\My_project\wanyue_education_web_local\education_web\public\api\index.php(9): PhalApi\PhalApi->response()
#6 {main}
2020-10-21 09:13:12|ERROR|App.Course.GetDetail|RedisException: NOAUTH Authentication required. in D:\My_project\wanyue_education_web_local\education_web\phalapi\src\app\redis.php:84
Stack trace:
#0 D:\My_project\wanyue_education_web_local\education_web\phalapi\src\app\redis.php(84): Redis->hMset('token_2', Array)
#1 D:\My_project\wanyue_education_web_local\education_web\phalapi\src\app\functions.php(323): App\hMSet('token_2', Array)
#2 D:\My_project\wanyue_education_web_local\education_web\phalapi\src\app\Api\Course.php(270): App\checkToken('2', 'c389a5c6c2dfded...')
#3 [internal function]: App\Api\Course->getDetail()
#4 D:\My_project\wanyue_education_web_local\education_web\phalapi\vendor\phalapi\kernal\src\PhalApi.php(53): call_user_func(Array)
#5 D:\My_project\wanyue_education_web_local\education_web\public\api\index.php(9): PhalApi\PhalApi->response()
#6 {main}
2020-10-21 09:18:10|ERROR|App.Course.GetDetail|RedisException: NOAUTH Authentication required. in D:\My_project\wanyue_education_web_local\education_web\phalapi\src\app\redis.php:84
Stack trace:
#0 D:\My_project\wanyue_education_web_local\education_web\phalapi\src\app\redis.php(84): Redis->hMset('token_2', Array)
#1 D:\My_project\wanyue_education_web_local\education_web\phalapi\src\app\functions.php(323): App\hMSet('token_2', Array)
#2 D:\My_project\wanyue_education_web_local\education_web\phalapi\src\app\Api\Course.php(270): App\checkToken('2', 'c389a5c6c2dfded...')
#3 [internal function]: App\Api\Course->getDetail()
#4 D:\My_project\wanyue_education_web_local\education_web\phalapi\vendor\phalapi\kernal\src\PhalApi.php(53): call_user_func(Array)
#5 D:\My_project\wanyue_education_web_local\education_web\public\api\index.php(9): PhalApi\PhalApi->response()
#6 {main}
2020-10-21 09:18:11|ERROR|App.Course.GetDetail|RedisException: NOAUTH Authentication required. in D:\My_project\wanyue_education_web_local\education_web\phalapi\src\app\redis.php:84
Stack trace:
#0 D:\My_project\wanyue_education_web_local\education_web\phalapi\src\app\redis.php(84): Redis->hMset('token_2', Array)
#1 D:\My_project\wanyue_education_web_local\education_web\phalapi\src\app\functions.php(323): App\hMSet('token_2', Array)
#2 D:\My_project\wanyue_education_web_local\education_web\phalapi\src\app\Api\Course.php(270): App\checkToken('2', 'c389a5c6c2dfded...')
#3 [internal function]: App\Api\Course->getDetail()
#4 D:\My_project\wanyue_education_web_local\education_web\phalapi\vendor\phalapi\kernal\src\PhalApi.php(53): call_user_func(Array)
#5 D:\My_project\wanyue_education_web_local\education_web\public\api\index.php(9): PhalApi\PhalApi->response()
#6 {main}
2020-10-21 09:18:15|ERROR|App.Course.GetDetail|RedisException: NOAUTH Authentication required. in D:\My_project\wanyue_education_web_local\education_web\phalapi\src\app\redis.php:84
Stack trace:
#0 D:\My_project\wanyue_education_web_local\education_web\phalapi\src\app\redis.php(84): Redis->hMset('token_2', Array)
#1 D:\My_project\wanyue_education_web_local\education_web\phalapi\src\app\functions.php(323): App\hMSet('token_2', Array)
#2 D:\My_project\wanyue_education_web_local\education_web\phalapi\src\app\Api\Course.php(270): App\checkToken('2', 'c389a5c6c2dfded...')
#3 [internal function]: App\Api\Course->getDetail()
#4 D:\My_project\wanyue_education_web_local\education_web\phalapi\vendor\phalapi\kernal\src\PhalApi.php(53): call_user_func(Array)
#5 D:\My_project\wanyue_education_web_local\education_web\public\api\index.php(9): PhalApi\PhalApi->response()
#6 {main}
2020-10-21 09:22:35|ERROR|App.Course.GetDetail|RedisException: NOAUTH Authentication required. in D:\My_project\wanyue_education_web_local\education_web\phalapi\src\app\redis.php:84
Stack trace:
#0 D:\My_project\wanyue_education_web_local\education_web\phalapi\src\app\redis.php(84): Redis->hMset('token_2', Array)
#1 D:\My_project\wanyue_education_web_local\education_web\phalapi\src\app\functions.php(323): App\hMSet('token_2', Array)
#2 D:\My_project\wanyue_education_web_local\education_web\phalapi\src\app\Api\Course.php(270): App\checkToken('2', 'c389a5c6c2dfded...')
#3 [internal function]: App\Api\Course->getDetail()
#4 D:\My_project\wanyue_education_web_local\education_web\phalapi\vendor\phalapi\kernal\src\PhalApi.php(53): call_user_func(Array)
#5 D:\My_project\wanyue_education_web_local\education_web\public\api\index.php(9): PhalApi\PhalApi->response()
#6 {main}
2020-10-21 09:22:35|ERROR|App.Course.GetDetail|RedisException: NOAUTH Authentication required. in D:\My_project\wanyue_education_web_local\education_web\phalapi\src\app\redis.php:84
Stack trace:
#0 D:\My_project\wanyue_education_web_local\education_web\phalapi\src\app\redis.php(84): Redis->hMset('token_2', Array)
#1 D:\My_project\wanyue_education_web_local\education_web\phalapi\src\app\functions.php(323): App\hMSet('token_2', Array)
#2 D:\My_project\wanyue_education_web_local\education_web\phalapi\src\app\Api\Course.php(270): App\checkToken('2', 'c389a5c6c2dfded...')
#3 [internal function]: App\Api\Course->getDetail()
#4 D:\My_project\wanyue_education_web_local\education_web\phalapi\vendor\phalapi\kernal\src\PhalApi.php(53): call_user_func(Array)
#5 D:\My_project\wanyue_education_web_local\education_web\public\api\index.php(9): PhalApi\PhalApi->response()
#6 {main}
2020-10-21 09:22:36|ERROR|App.Course.GetDetail|RedisException: NOAUTH Authentication required. in D:\My_project\wanyue_education_web_local\education_web\phalapi\src\app\redis.php:84
Stack trace:
#0 D:\My_project\wanyue_education_web_local\education_web\phalapi\src\app\redis.php(84): Redis->hMset('token_2', Array)
#1 D:\My_project\wanyue_education_web_local\education_web\phalapi\src\app\functions.php(323): App\hMSet('token_2', Array)
#2 D:\My_project\wanyue_education_web_local\education_web\phalapi\src\app\Api\Course.php(270): App\checkToken('2', 'c389a5c6c2dfded...')
#3 [internal function]: App\Api\Course->getDetail()
#4 D:\My_project\wanyue_education_web_local\education_web\phalapi\vendor\phalapi\kernal\src\PhalApi.php(53): call_user_func(Array)
#5 D:\My_project\wanyue_education_web_local\education_web\public\api\index.php(9): PhalApi\PhalApi->response()
#6 {main}
2020-10-21 09:22:36|ERROR|App.Course.GetDetail|RedisException: NOAUTH Authentication required. in D:\My_project\wanyue_education_web_local\education_web\phalapi\src\app\redis.php:84
Stack trace:
#0 D:\My_project\wanyue_education_web_local\education_web\phalapi\src\app\redis.php(84): Redis->hMset('token_2', Array)
#1 D:\My_project\wanyue_education_web_local\education_web\phalapi\src\app\functions.php(323): App\hMSet('token_2', Array)
#2 D:\My_project\wanyue_education_web_local\education_web\phalapi\src\app\Api\Course.php(270): App\checkToken('2', 'c389a5c6c2dfded...')
#3 [internal function]: App\Api\Course->getDetail()
#4 D:\My_project\wanyue_education_web_local\education_web\phalapi\vendor\phalapi\kernal\src\PhalApi.php(53): call_user_func(Array)
#5 D:\My_project\wanyue_education_web_local\education_web\public\api\index.php(9): PhalApi\PhalApi->response()
#6 {main}
2020-10-21 09:22:36|ERROR|App.Course.GetDetail|RedisException: NOAUTH Authentication required. in D:\My_project\wanyue_education_web_local\education_web\phalapi\src\app\redis.php:84
Stack trace:
#0 D:\My_project\wanyue_education_web_local\education_web\phalapi\src\app\redis.php(84): Redis->hMset('token_2', Array)
#1 D:\My_project\wanyue_education_web_local\education_web\phalapi\src\app\functions.php(323): App\hMSet('token_2', Array)
#2 D:\My_project\wanyue_education_web_local\education_web\phalapi\src\app\Api\Course.php(270): App\checkToken('2', 'c389a5c6c2dfded...')
#3 [internal function]: App\Api\Course->getDetail()
#4 D:\My_project\wanyue_education_web_local\education_web\phalapi\vendor\phalapi\kernal\src\PhalApi.php(53): call_user_func(Array)
#5 D:\My_project\wanyue_education_web_local\education_web\public\api\index.php(9): PhalApi\PhalApi->response()
#6 {main}
