2021-03-09 17:30:31|ERROR|App.Course.GetGrade|RedisException: NOAUTH Authentication required. in D:\Kaiyuan_project_zuizhong\wanyue_education_web\eduwanyue_web\phalapi\src\app\redis.php:50
Stack trace:
#0 D:\Kaiyuan_project_zuizhong\wanyue_education_web\eduwanyue_web\phalapi\src\app\redis.php(50): Redis->get('getcoursegrade')
#1 D:\Kaiyuan_project_zuizhong\wanyue_education_web\eduwanyue_web\phalapi\src\app\Domain\Course.php(541): App\getcaches('getcoursegrade')
#2 D:\Kaiyuan_project_zuizhong\wanyue_education_web\eduwanyue_web\phalapi\src\app\Domain\Course.php(592): App\Domain\Course->getGradeList()
#3 D:\Kaiyuan_project_zuizhong\wanyue_education_web\eduwanyue_web\phalapi\src\app\Api\Course.php(502): App\Domain\Course->getGrade()
#4 [internal function]: App\Api\Course->getGrade()
#5 D:\Kaiyuan_project_zuizhong\wanyue_education_web\eduwanyue_web\phalapi\vendor\phalapi\kernal\src\PhalApi.php(53): call_user_func(Array)
#6 D:\Kaiyuan_project_zuizhong\wanyue_education_web\eduwanyue_web\public\api\index.php(9): PhalApi\PhalApi->response()
#7 {main}
2021-03-09 17:30:57|ERROR|App.Course.GetGrade|RedisException: NOAUTH Authentication required. in D:\Kaiyuan_project_zuizhong\wanyue_education_web\eduwanyue_web\phalapi\src\app\redis.php:50
Stack trace:
#0 D:\Kaiyuan_project_zuizhong\wanyue_education_web\eduwanyue_web\phalapi\src\app\redis.php(50): Redis->get('getcoursegrade')
#1 D:\Kaiyuan_project_zuizhong\wanyue_education_web\eduwanyue_web\phalapi\src\app\Domain\Course.php(541): App\getcaches('getcoursegrade')
#2 D:\Kaiyuan_project_zuizhong\wanyue_education_web\eduwanyue_web\phalapi\src\app\Domain\Course.php(592): App\Domain\Course->getGradeList()
#3 D:\Kaiyuan_project_zuizhong\wanyue_education_web\eduwanyue_web\phalapi\src\app\Api\Course.php(502): App\Domain\Course->getGrade()
#4 [internal function]: App\Api\Course->getGrade()
#5 D:\Kaiyuan_project_zuizhong\wanyue_education_web\eduwanyue_web\phalapi\vendor\phalapi\kernal\src\PhalApi.php(53): call_user_func(Array)
#6 D:\Kaiyuan_project_zuizhong\wanyue_education_web\eduwanyue_web\public\api\index.php(9): PhalApi\PhalApi->response()
#7 {main}
2021-03-09 17:31:07|ERROR|App.Course.GetGrade|RedisException: NOAUTH Authentication required. in D:\Kaiyuan_project_zuizhong\wanyue_education_web\eduwanyue_web\phalapi\src\app\redis.php:50
Stack trace:
#0 D:\Kaiyuan_project_zuizhong\wanyue_education_web\eduwanyue_web\phalapi\src\app\redis.php(50): Redis->get('getcoursegrade')
#1 D:\Kaiyuan_project_zuizhong\wanyue_education_web\eduwanyue_web\phalapi\src\app\Domain\Course.php(541): App\getcaches('getcoursegrade')
#2 D:\Kaiyuan_project_zuizhong\wanyue_education_web\eduwanyue_web\phalapi\src\app\Domain\Course.php(592): App\Domain\Course->getGradeList()
#3 D:\Kaiyuan_project_zuizhong\wanyue_education_web\eduwanyue_web\phalapi\src\app\Api\Course.php(502): App\Domain\Course->getGrade()
#4 [internal function]: App\Api\Course->getGrade()
#5 D:\Kaiyuan_project_zuizhong\wanyue_education_web\eduwanyue_web\phalapi\vendor\phalapi\kernal\src\PhalApi.php(53): call_user_func(Array)
#6 D:\Kaiyuan_project_zuizhong\wanyue_education_web\eduwanyue_web\public\api\index.php(9): PhalApi\PhalApi->response()
#7 {main}
2021-03-09 17:31:28|ERROR|App.Course.GetGrade|RedisException: NOAUTH Authentication required. in D:\Kaiyuan_project_zuizhong\wanyue_education_web\eduwanyue_web\phalapi\src\app\redis.php:50
Stack trace:
#0 D:\Kaiyuan_project_zuizhong\wanyue_education_web\eduwanyue_web\phalapi\src\app\redis.php(50): Redis->get('getcoursegrade')
#1 D:\Kaiyuan_project_zuizhong\wanyue_education_web\eduwanyue_web\phalapi\src\app\Domain\Course.php(541): App\getcaches('getcoursegrade')
#2 D:\Kaiyuan_project_zuizhong\wanyue_education_web\eduwanyue_web\phalapi\src\app\Domain\Course.php(592): App\Domain\Course->getGradeList()
#3 D:\Kaiyuan_project_zuizhong\wanyue_education_web\eduwanyue_web\phalapi\src\app\Api\Course.php(502): App\Domain\Course->getGrade()
#4 [internal function]: App\Api\Course->getGrade()
#5 D:\Kaiyuan_project_zuizhong\wanyue_education_web\eduwanyue_web\phalapi\vendor\phalapi\kernal\src\PhalApi.php(53): call_user_func(Array)
#6 D:\Kaiyuan_project_zuizhong\wanyue_education_web\eduwanyue_web\public\api\index.php(9): PhalApi\PhalApi->response()
#7 {main}
