2020-10-29 14:53:58|ERROR|App.Course.GetDetail|PDOException: SQLSTATE[42S02]: Base table or view not found: 1146 Table 'eduwanyue.cmf_course_package' doesn't exist in D:\My_project\wanyue_education_web_local\education_web\phalapi\vendor\phalapi\notorm\src\NotORM\Result.php:271
Stack trace:
#0 D:\My_project\wanyue_education_web_local\education_web\phalapi\vendor\phalapi\notorm\src\NotORM\Result.php(271): PDOStatement->execute()
#1 D:\My_project\wanyue_education_web_local\education_web\phalapi\vendor\phalapi\notorm\src\NotORM\Result.php(914): NotORM_Result->query('SELECT * FROM c...', Array)
#2 D:\My_project\wanyue_education_web_local\education_web\phalapi\vendor\phalapi\notorm\src\NotORM\Result.php(990): NotORM_Result->execute()
#3 D:\My_project\wanyue_education_web_local\education_web\phalapi\vendor\phalapi\notorm\src\NotORM\Result.php(978): NotORM_Result->fetchRow('')
#4 D:\My_project\wanyue_education_web_local\education_web\phalapi\src\app\Model\Package.php(36): NotORM_Result->fetchOne()
#5 D:\My_project\wanyue_education_web_local\education_web\phalapi\src\app\Domain\Package.php(190): App\Model\Package->getInfo(Array)
#6 D:\My_project\wanyue_education_web_local\education_web\phalapi\src\app\Domain\Course.php(197): App\Domain\Package->getInfod(Array)
#7 D:\My_project\wanyue_education_web_local\education_web\phalapi\src\app\Api\Course.php(291): App\Domain\Course->getDetail('2', Array)
#8 [internal function]: App\Api\Course->getDetail()
#9 D:\My_project\wanyue_education_web_local\education_web\phalapi\vendor\phalapi\kernal\src\PhalApi.php(53): call_user_func(Array)
#10 D:\My_project\wanyue_education_web_local\education_web\public\api\index.php(9): PhalApi\PhalApi->response()
#11 {main}
2020-10-29 14:53:59|ERROR|App.Course.GetDetail|PDOException: SQLSTATE[42S02]: Base table or view not found: 1146 Table 'eduwanyue.cmf_course_package' doesn't exist in D:\My_project\wanyue_education_web_local\education_web\phalapi\vendor\phalapi\notorm\src\NotORM\Result.php:271
Stack trace:
#0 D:\My_project\wanyue_education_web_local\education_web\phalapi\vendor\phalapi\notorm\src\NotORM\Result.php(271): PDOStatement->execute()
#1 D:\My_project\wanyue_education_web_local\education_web\phalapi\vendor\phalapi\notorm\src\NotORM\Result.php(914): NotORM_Result->query('SELECT * FROM c...', Array)
#2 D:\My_project\wanyue_education_web_local\education_web\phalapi\vendor\phalapi\notorm\src\NotORM\Result.php(990): NotORM_Result->execute()
#3 D:\My_project\wanyue_education_web_local\education_web\phalapi\vendor\phalapi\notorm\src\NotORM\Result.php(978): NotORM_Result->fetchRow('')
#4 D:\My_project\wanyue_education_web_local\education_web\phalapi\src\app\Model\Package.php(36): NotORM_Result->fetchOne()
#5 D:\My_project\wanyue_education_web_local\education_web\phalapi\src\app\Domain\Package.php(190): App\Model\Package->getInfo(Array)
#6 D:\My_project\wanyue_education_web_local\education_web\phalapi\src\app\Domain\Course.php(197): App\Domain\Package->getInfod(Array)
#7 D:\My_project\wanyue_education_web_local\education_web\phalapi\src\app\Api\Course.php(291): App\Domain\Course->getDetail('2', Array)
#8 [internal function]: App\Api\Course->getDetail()
#9 D:\My_project\wanyue_education_web_local\education_web\phalapi\vendor\phalapi\kernal\src\PhalApi.php(53): call_user_func(Array)
#10 D:\My_project\wanyue_education_web_local\education_web\public\api\index.php(9): PhalApi\PhalApi->response()
#11 {main}
2020-10-29 14:54:25|ERROR|App.Course.GetDetail|PDOException: SQLSTATE[42S02]: Base table or view not found: 1146 Table 'eduwanyue.cmf_course_package' doesn't exist in D:\My_project\wanyue_education_web_local\education_web\phalapi\vendor\phalapi\notorm\src\NotORM\Result.php:271
Stack trace:
#0 D:\My_project\wanyue_education_web_local\education_web\phalapi\vendor\phalapi\notorm\src\NotORM\Result.php(271): PDOStatement->execute()
#1 D:\My_project\wanyue_education_web_local\education_web\phalapi\vendor\phalapi\notorm\src\NotORM\Result.php(914): NotORM_Result->query('SELECT * FROM c...', Array)
#2 D:\My_project\wanyue_education_web_local\education_web\phalapi\vendor\phalapi\notorm\src\NotORM\Result.php(990): NotORM_Result->execute()
#3 D:\My_project\wanyue_education_web_local\education_web\phalapi\vendor\phalapi\notorm\src\NotORM\Result.php(978): NotORM_Result->fetchRow('')
#4 D:\My_project\wanyue_education_web_local\education_web\phalapi\src\app\Model\Package.php(36): NotORM_Result->fetchOne()
#5 D:\My_project\wanyue_education_web_local\education_web\phalapi\src\app\Domain\Package.php(190): App\Model\Package->getInfo(Array)
#6 D:\My_project\wanyue_education_web_local\education_web\phalapi\src\app\Domain\Course.php(197): App\Domain\Package->getInfod(Array)
#7 D:\My_project\wanyue_education_web_local\education_web\phalapi\src\app\Api\Course.php(291): App\Domain\Course->getDetail('2', Array)
#8 [internal function]: App\Api\Course->getDetail()
#9 D:\My_project\wanyue_education_web_local\education_web\phalapi\vendor\phalapi\kernal\src\PhalApi.php(53): call_user_func(Array)
#10 D:\My_project\wanyue_education_web_local\education_web\public\api\index.php(9): PhalApi\PhalApi->response()
#11 {main}
2020-10-29 14:54:25|ERROR|App.Course.GetDetail|PDOException: SQLSTATE[42S02]: Base table or view not found: 1146 Table 'eduwanyue.cmf_course_package' doesn't exist in D:\My_project\wanyue_education_web_local\education_web\phalapi\vendor\phalapi\notorm\src\NotORM\Result.php:271
Stack trace:
#0 D:\My_project\wanyue_education_web_local\education_web\phalapi\vendor\phalapi\notorm\src\NotORM\Result.php(271): PDOStatement->execute()
#1 D:\My_project\wanyue_education_web_local\education_web\phalapi\vendor\phalapi\notorm\src\NotORM\Result.php(914): NotORM_Result->query('SELECT * FROM c...', Array)
#2 D:\My_project\wanyue_education_web_local\education_web\phalapi\vendor\phalapi\notorm\src\NotORM\Result.php(990): NotORM_Result->execute()
#3 D:\My_project\wanyue_education_web_local\education_web\phalapi\vendor\phalapi\notorm\src\NotORM\Result.php(978): NotORM_Result->fetchRow('')
#4 D:\My_project\wanyue_education_web_local\education_web\phalapi\src\app\Model\Package.php(36): NotORM_Result->fetchOne()
#5 D:\My_project\wanyue_education_web_local\education_web\phalapi\src\app\Domain\Package.php(190): App\Model\Package->getInfo(Array)
#6 D:\My_project\wanyue_education_web_local\education_web\phalapi\src\app\Domain\Course.php(197): App\Domain\Package->getInfod(Array)
#7 D:\My_project\wanyue_education_web_local\education_web\phalapi\src\app\Api\Course.php(291): App\Domain\Course->getDetail('2', Array)
#8 [internal function]: App\Api\Course->getDetail()
#9 D:\My_project\wanyue_education_web_local\education_web\phalapi\vendor\phalapi\kernal\src\PhalApi.php(53): call_user_func(Array)
#10 D:\My_project\wanyue_education_web_local\education_web\public\api\index.php(9): PhalApi\PhalApi->response()
#11 {main}
2020-10-29 14:56:23|ERROR|App.Course.GetDetail|PDOException: SQLSTATE[42S02]: Base table or view not found: 1146 Table 'eduwanyue.cmf_course_package' doesn't exist in D:\My_project\wanyue_education_web_local\education_web\phalapi\vendor\phalapi\notorm\src\NotORM\Result.php:271
Stack trace:
#0 D:\My_project\wanyue_education_web_local\education_web\phalapi\vendor\phalapi\notorm\src\NotORM\Result.php(271): PDOStatement->execute()
#1 D:\My_project\wanyue_education_web_local\education_web\phalapi\vendor\phalapi\notorm\src\NotORM\Result.php(914): NotORM_Result->query('SELECT * FROM c...', Array)
#2 D:\My_project\wanyue_education_web_local\education_web\phalapi\vendor\phalapi\notorm\src\NotORM\Result.php(990): NotORM_Result->execute()
#3 D:\My_project\wanyue_education_web_local\education_web\phalapi\vendor\phalapi\notorm\src\NotORM\Result.php(978): NotORM_Result->fetchRow('')
#4 D:\My_project\wanyue_education_web_local\education_web\phalapi\src\app\Model\Package.php(36): NotORM_Result->fetchOne()
#5 D:\My_project\wanyue_education_web_local\education_web\phalapi\src\app\Domain\Package.php(190): App\Model\Package->getInfo(Array)
#6 D:\My_project\wanyue_education_web_local\education_web\phalapi\src\app\Domain\Course.php(197): App\Domain\Package->getInfod(Array)
#7 D:\My_project\wanyue_education_web_local\education_web\phalapi\src\app\Api\Course.php(291): App\Domain\Course->getDetail('2', Array)
#8 [internal function]: App\Api\Course->getDetail()
#9 D:\My_project\wanyue_education_web_local\education_web\phalapi\vendor\phalapi\kernal\src\PhalApi.php(53): call_user_func(Array)
#10 D:\My_project\wanyue_education_web_local\education_web\public\api\index.php(9): PhalApi\PhalApi->response()
#11 {main}
2020-10-29 14:56:23|ERROR|App.Course.GetDetail|PDOException: SQLSTATE[42S02]: Base table or view not found: 1146 Table 'eduwanyue.cmf_course_package' doesn't exist in D:\My_project\wanyue_education_web_local\education_web\phalapi\vendor\phalapi\notorm\src\NotORM\Result.php:271
Stack trace:
#0 D:\My_project\wanyue_education_web_local\education_web\phalapi\vendor\phalapi\notorm\src\NotORM\Result.php(271): PDOStatement->execute()
#1 D:\My_project\wanyue_education_web_local\education_web\phalapi\vendor\phalapi\notorm\src\NotORM\Result.php(914): NotORM_Result->query('SELECT * FROM c...', Array)
#2 D:\My_project\wanyue_education_web_local\education_web\phalapi\vendor\phalapi\notorm\src\NotORM\Result.php(990): NotORM_Result->execute()
#3 D:\My_project\wanyue_education_web_local\education_web\phalapi\vendor\phalapi\notorm\src\NotORM\Result.php(978): NotORM_Result->fetchRow('')
#4 D:\My_project\wanyue_education_web_local\education_web\phalapi\src\app\Model\Package.php(36): NotORM_Result->fetchOne()
#5 D:\My_project\wanyue_education_web_local\education_web\phalapi\src\app\Domain\Package.php(190): App\Model\Package->getInfo(Array)
#6 D:\My_project\wanyue_education_web_local\education_web\phalapi\src\app\Domain\Course.php(197): App\Domain\Package->getInfod(Array)
#7 D:\My_project\wanyue_education_web_local\education_web\phalapi\src\app\Api\Course.php(291): App\Domain\Course->getDetail('2', Array)
#8 [internal function]: App\Api\Course->getDetail()
#9 D:\My_project\wanyue_education_web_local\education_web\phalapi\vendor\phalapi\kernal\src\PhalApi.php(53): call_user_func(Array)
#10 D:\My_project\wanyue_education_web_local\education_web\public\api\index.php(9): PhalApi\PhalApi->response()
#11 {main}
2020-10-29 14:56:50|ERROR|App.Course.GetDetail|PDOException: SQLSTATE[42S02]: Base table or view not found: 1146 Table 'eduwanyue.cmf_course_package' doesn't exist in D:\My_project\wanyue_education_web_local\education_web\phalapi\vendor\phalapi\notorm\src\NotORM\Result.php:271
Stack trace:
#0 D:\My_project\wanyue_education_web_local\education_web\phalapi\vendor\phalapi\notorm\src\NotORM\Result.php(271): PDOStatement->execute()
#1 D:\My_project\wanyue_education_web_local\education_web\phalapi\vendor\phalapi\notorm\src\NotORM\Result.php(914): NotORM_Result->query('SELECT * FROM c...', Array)
#2 D:\My_project\wanyue_education_web_local\education_web\phalapi\vendor\phalapi\notorm\src\NotORM\Result.php(990): NotORM_Result->execute()
#3 D:\My_project\wanyue_education_web_local\education_web\phalapi\vendor\phalapi\notorm\src\NotORM\Result.php(978): NotORM_Result->fetchRow('')
#4 D:\My_project\wanyue_education_web_local\education_web\phalapi\src\app\Model\Package.php(36): NotORM_Result->fetchOne()
#5 D:\My_project\wanyue_education_web_local\education_web\phalapi\src\app\Domain\Package.php(190): App\Model\Package->getInfo(Array)
#6 D:\My_project\wanyue_education_web_local\education_web\phalapi\src\app\Domain\Course.php(197): App\Domain\Package->getInfod(Array)
#7 D:\My_project\wanyue_education_web_local\education_web\phalapi\src\app\Api\Course.php(291): App\Domain\Course->getDetail('2', Array)
#8 [internal function]: App\Api\Course->getDetail()
#9 D:\My_project\wanyue_education_web_local\education_web\phalapi\vendor\phalapi\kernal\src\PhalApi.php(53): call_user_func(Array)
#10 D:\My_project\wanyue_education_web_local\education_web\public\api\index.php(9): PhalApi\PhalApi->response()
#11 {main}
2020-10-29 14:56:50|ERROR|App.Course.GetDetail|PDOException: SQLSTATE[42S02]: Base table or view not found: 1146 Table 'eduwanyue.cmf_course_package' doesn't exist in D:\My_project\wanyue_education_web_local\education_web\phalapi\vendor\phalapi\notorm\src\NotORM\Result.php:271
Stack trace:
#0 D:\My_project\wanyue_education_web_local\education_web\phalapi\vendor\phalapi\notorm\src\NotORM\Result.php(271): PDOStatement->execute()
#1 D:\My_project\wanyue_education_web_local\education_web\phalapi\vendor\phalapi\notorm\src\NotORM\Result.php(914): NotORM_Result->query('SELECT * FROM c...', Array)
#2 D:\My_project\wanyue_education_web_local\education_web\phalapi\vendor\phalapi\notorm\src\NotORM\Result.php(990): NotORM_Result->execute()
#3 D:\My_project\wanyue_education_web_local\education_web\phalapi\vendor\phalapi\notorm\src\NotORM\Result.php(978): NotORM_Result->fetchRow('')
#4 D:\My_project\wanyue_education_web_local\education_web\phalapi\src\app\Model\Package.php(36): NotORM_Result->fetchOne()
#5 D:\My_project\wanyue_education_web_local\education_web\phalapi\src\app\Domain\Package.php(190): App\Model\Package->getInfo(Array)
#6 D:\My_project\wanyue_education_web_local\education_web\phalapi\src\app\Domain\Course.php(197): App\Domain\Package->getInfod(Array)
#7 D:\My_project\wanyue_education_web_local\education_web\phalapi\src\app\Api\Course.php(291): App\Domain\Course->getDetail('2', Array)
#8 [internal function]: App\Api\Course->getDetail()
#9 D:\My_project\wanyue_education_web_local\education_web\phalapi\vendor\phalapi\kernal\src\PhalApi.php(53): call_user_func(Array)
#10 D:\My_project\wanyue_education_web_local\education_web\public\api\index.php(9): PhalApi\PhalApi->response()
#11 {main}
2020-10-29 14:57:06|ERROR|App.Course.GetDetail|PDOException: SQLSTATE[42S02]: Base table or view not found: 1146 Table 'eduwanyue.cmf_course_package' doesn't exist in D:\My_project\wanyue_education_web_local\education_web\phalapi\vendor\phalapi\notorm\src\NotORM\Result.php:271
Stack trace:
#0 D:\My_project\wanyue_education_web_local\education_web\phalapi\vendor\phalapi\notorm\src\NotORM\Result.php(271): PDOStatement->execute()
#1 D:\My_project\wanyue_education_web_local\education_web\phalapi\vendor\phalapi\notorm\src\NotORM\Result.php(914): NotORM_Result->query('SELECT * FROM c...', Array)
#2 D:\My_project\wanyue_education_web_local\education_web\phalapi\vendor\phalapi\notorm\src\NotORM\Result.php(990): NotORM_Result->execute()
#3 D:\My_project\wanyue_education_web_local\education_web\phalapi\vendor\phalapi\notorm\src\NotORM\Result.php(978): NotORM_Result->fetchRow('')
#4 D:\My_project\wanyue_education_web_local\education_web\phalapi\src\app\Model\Package.php(36): NotORM_Result->fetchOne()
#5 D:\My_project\wanyue_education_web_local\education_web\phalapi\src\app\Domain\Package.php(190): App\Model\Package->getInfo(Array)
#6 D:\My_project\wanyue_education_web_local\education_web\phalapi\src\app\Domain\Course.php(197): App\Domain\Package->getInfod(Array)
#7 D:\My_project\wanyue_education_web_local\education_web\phalapi\src\app\Api\Course.php(291): App\Domain\Course->getDetail('2', Array)
#8 [internal function]: App\Api\Course->getDetail()
#9 D:\My_project\wanyue_education_web_local\education_web\phalapi\vendor\phalapi\kernal\src\PhalApi.php(53): call_user_func(Array)
#10 D:\My_project\wanyue_education_web_local\education_web\public\api\index.php(9): PhalApi\PhalApi->response()
#11 {main}
2020-10-29 14:57:07|ERROR|App.Course.GetDetail|PDOException: SQLSTATE[42S02]: Base table or view not found: 1146 Table 'eduwanyue.cmf_course_package' doesn't exist in D:\My_project\wanyue_education_web_local\education_web\phalapi\vendor\phalapi\notorm\src\NotORM\Result.php:271
Stack trace:
#0 D:\My_project\wanyue_education_web_local\education_web\phalapi\vendor\phalapi\notorm\src\NotORM\Result.php(271): PDOStatement->execute()
#1 D:\My_project\wanyue_education_web_local\education_web\phalapi\vendor\phalapi\notorm\src\NotORM\Result.php(914): NotORM_Result->query('SELECT * FROM c...', Array)
#2 D:\My_project\wanyue_education_web_local\education_web\phalapi\vendor\phalapi\notorm\src\NotORM\Result.php(990): NotORM_Result->execute()
#3 D:\My_project\wanyue_education_web_local\education_web\phalapi\vendor\phalapi\notorm\src\NotORM\Result.php(978): NotORM_Result->fetchRow('')
#4 D:\My_project\wanyue_education_web_local\education_web\phalapi\src\app\Model\Package.php(36): NotORM_Result->fetchOne()
#5 D:\My_project\wanyue_education_web_local\education_web\phalapi\src\app\Domain\Package.php(190): App\Model\Package->getInfo(Array)
#6 D:\My_project\wanyue_education_web_local\education_web\phalapi\src\app\Domain\Course.php(197): App\Domain\Package->getInfod(Array)
#7 D:\My_project\wanyue_education_web_local\education_web\phalapi\src\app\Api\Course.php(291): App\Domain\Course->getDetail('2', Array)
#8 [internal function]: App\Api\Course->getDetail()
#9 D:\My_project\wanyue_education_web_local\education_web\phalapi\vendor\phalapi\kernal\src\PhalApi.php(53): call_user_func(Array)
#10 D:\My_project\wanyue_education_web_local\education_web\public\api\index.php(9): PhalApi\PhalApi->response()
#11 {main}
2020-10-29 14:57:20|ERROR|App.Course.GetDetail|PDOException: SQLSTATE[42S02]: Base table or view not found: 1146 Table 'eduwanyue.cmf_course_package' doesn't exist in D:\My_project\wanyue_education_web_local\education_web\phalapi\vendor\phalapi\notorm\src\NotORM\Result.php:271
Stack trace:
#0 D:\My_project\wanyue_education_web_local\education_web\phalapi\vendor\phalapi\notorm\src\NotORM\Result.php(271): PDOStatement->execute()
#1 D:\My_project\wanyue_education_web_local\education_web\phalapi\vendor\phalapi\notorm\src\NotORM\Result.php(914): NotORM_Result->query('SELECT * FROM c...', Array)
#2 D:\My_project\wanyue_education_web_local\education_web\phalapi\vendor\phalapi\notorm\src\NotORM\Result.php(990): NotORM_Result->execute()
#3 D:\My_project\wanyue_education_web_local\education_web\phalapi\vendor\phalapi\notorm\src\NotORM\Result.php(978): NotORM_Result->fetchRow('')
#4 D:\My_project\wanyue_education_web_local\education_web\phalapi\src\app\Model\Package.php(36): NotORM_Result->fetchOne()
#5 D:\My_project\wanyue_education_web_local\education_web\phalapi\src\app\Domain\Package.php(190): App\Model\Package->getInfo(Array)
#6 D:\My_project\wanyue_education_web_local\education_web\phalapi\src\app\Domain\Course.php(197): App\Domain\Package->getInfod(Array)
#7 D:\My_project\wanyue_education_web_local\education_web\phalapi\src\app\Api\Course.php(291): App\Domain\Course->getDetail('2', Array)
#8 [internal function]: App\Api\Course->getDetail()
#9 D:\My_project\wanyue_education_web_local\education_web\phalapi\vendor\phalapi\kernal\src\PhalApi.php(53): call_user_func(Array)
#10 D:\My_project\wanyue_education_web_local\education_web\public\api\index.php(9): PhalApi\PhalApi->response()
#11 {main}
2020-10-29 14:57:20|ERROR|App.Course.GetDetail|PDOException: SQLSTATE[42S02]: Base table or view not found: 1146 Table 'eduwanyue.cmf_course_package' doesn't exist in D:\My_project\wanyue_education_web_local\education_web\phalapi\vendor\phalapi\notorm\src\NotORM\Result.php:271
Stack trace:
#0 D:\My_project\wanyue_education_web_local\education_web\phalapi\vendor\phalapi\notorm\src\NotORM\Result.php(271): PDOStatement->execute()
#1 D:\My_project\wanyue_education_web_local\education_web\phalapi\vendor\phalapi\notorm\src\NotORM\Result.php(914): NotORM_Result->query('SELECT * FROM c...', Array)
#2 D:\My_project\wanyue_education_web_local\education_web\phalapi\vendor\phalapi\notorm\src\NotORM\Result.php(990): NotORM_Result->execute()
#3 D:\My_project\wanyue_education_web_local\education_web\phalapi\vendor\phalapi\notorm\src\NotORM\Result.php(978): NotORM_Result->fetchRow('')
#4 D:\My_project\wanyue_education_web_local\education_web\phalapi\src\app\Model\Package.php(36): NotORM_Result->fetchOne()
#5 D:\My_project\wanyue_education_web_local\education_web\phalapi\src\app\Domain\Package.php(190): App\Model\Package->getInfo(Array)
#6 D:\My_project\wanyue_education_web_local\education_web\phalapi\src\app\Domain\Course.php(197): App\Domain\Package->getInfod(Array)
#7 D:\My_project\wanyue_education_web_local\education_web\phalapi\src\app\Api\Course.php(291): App\Domain\Course->getDetail('2', Array)
#8 [internal function]: App\Api\Course->getDetail()
#9 D:\My_project\wanyue_education_web_local\education_web\phalapi\vendor\phalapi\kernal\src\PhalApi.php(53): call_user_func(Array)
#10 D:\My_project\wanyue_education_web_local\education_web\public\api\index.php(9): PhalApi\PhalApi->response()
#11 {main}
2020-10-29 14:57:25|ERROR|App.Course.GetDetail|PDOException: SQLSTATE[42S02]: Base table or view not found: 1146 Table 'eduwanyue.cmf_course_package' doesn't exist in D:\My_project\wanyue_education_web_local\education_web\phalapi\vendor\phalapi\notorm\src\NotORM\Result.php:271
Stack trace:
#0 D:\My_project\wanyue_education_web_local\education_web\phalapi\vendor\phalapi\notorm\src\NotORM\Result.php(271): PDOStatement->execute()
#1 D:\My_project\wanyue_education_web_local\education_web\phalapi\vendor\phalapi\notorm\src\NotORM\Result.php(914): NotORM_Result->query('SELECT * FROM c...', Array)
#2 D:\My_project\wanyue_education_web_local\education_web\phalapi\vendor\phalapi\notorm\src\NotORM\Result.php(990): NotORM_Result->execute()
#3 D:\My_project\wanyue_education_web_local\education_web\phalapi\vendor\phalapi\notorm\src\NotORM\Result.php(978): NotORM_Result->fetchRow('')
#4 D:\My_project\wanyue_education_web_local\education_web\phalapi\src\app\Model\Package.php(36): NotORM_Result->fetchOne()
#5 D:\My_project\wanyue_education_web_local\education_web\phalapi\src\app\Domain\Package.php(190): App\Model\Package->getInfo(Array)
#6 D:\My_project\wanyue_education_web_local\education_web\phalapi\src\app\Domain\Course.php(197): App\Domain\Package->getInfod(Array)
#7 D:\My_project\wanyue_education_web_local\education_web\phalapi\src\app\Api\Course.php(291): App\Domain\Course->getDetail('2', Array)
#8 [internal function]: App\Api\Course->getDetail()
#9 D:\My_project\wanyue_education_web_local\education_web\phalapi\vendor\phalapi\kernal\src\PhalApi.php(53): call_user_func(Array)
#10 D:\My_project\wanyue_education_web_local\education_web\public\api\index.php(9): PhalApi\PhalApi->response()
#11 {main}
2020-10-29 14:57:25|ERROR|App.Course.GetDetail|PDOException: SQLSTATE[42S02]: Base table or view not found: 1146 Table 'eduwanyue.cmf_course_package' doesn't exist in D:\My_project\wanyue_education_web_local\education_web\phalapi\vendor\phalapi\notorm\src\NotORM\Result.php:271
Stack trace:
#0 D:\My_project\wanyue_education_web_local\education_web\phalapi\vendor\phalapi\notorm\src\NotORM\Result.php(271): PDOStatement->execute()
#1 D:\My_project\wanyue_education_web_local\education_web\phalapi\vendor\phalapi\notorm\src\NotORM\Result.php(914): NotORM_Result->query('SELECT * FROM c...', Array)
#2 D:\My_project\wanyue_education_web_local\education_web\phalapi\vendor\phalapi\notorm\src\NotORM\Result.php(990): NotORM_Result->execute()
#3 D:\My_project\wanyue_education_web_local\education_web\phalapi\vendor\phalapi\notorm\src\NotORM\Result.php(978): NotORM_Result->fetchRow('')
#4 D:\My_project\wanyue_education_web_local\education_web\phalapi\src\app\Model\Package.php(36): NotORM_Result->fetchOne()
#5 D:\My_project\wanyue_education_web_local\education_web\phalapi\src\app\Domain\Package.php(190): App\Model\Package->getInfo(Array)
#6 D:\My_project\wanyue_education_web_local\education_web\phalapi\src\app\Domain\Course.php(197): App\Domain\Package->getInfod(Array)
#7 D:\My_project\wanyue_education_web_local\education_web\phalapi\src\app\Api\Course.php(291): App\Domain\Course->getDetail('2', Array)
#8 [internal function]: App\Api\Course->getDetail()
#9 D:\My_project\wanyue_education_web_local\education_web\phalapi\vendor\phalapi\kernal\src\PhalApi.php(53): call_user_func(Array)
#10 D:\My_project\wanyue_education_web_local\education_web\public\api\index.php(9): PhalApi\PhalApi->response()
#11 {main}
