2021-01-05 17:54:06|ERROR|App.Feedback.Add|PDOException: SQLSTATE[42S02]: Base table or view not found: 1146 Table 'demo_sdwanyue_co.cmf_feedback' doesn't exist in /www/wwwroot/demo.sdwanyue.com/phalapi/vendor/phalapi/notorm/src/NotORM/Result.php:271
Stack trace:
#0 /www/wwwroot/demo.sdwanyue.com/phalapi/vendor/phalapi/notorm/src/NotORM/Result.php(271): PDOStatement->execute()
#1 /www/wwwroot/demo.sdwanyue.com/phalapi/vendor/phalapi/notorm/src/NotORM/Result.php(397): NotORM_Result->query('INSERT  INTO cm...', Array)
#2 /www/wwwroot/demo.sdwanyue.com/phalapi/vendor/phalapi/notorm/src/NotORM/Result.php(414): NotORM_Result->insert_multi(Array)
#3 /www/wwwroot/demo.sdwanyue.com/phalapi/src/app/Model/Feedback.php(11): NotORM_Result->insert(Array)
#4 /www/wwwroot/demo.sdwanyue.com/phalapi/src/app/Domain/Feedback.php(13): App\Model\Feedback->add(Array)
#5 /www/wwwroot/demo.sdwanyue.com/phalapi/src/app/Api/Feedback.php(66): App\Domain\Feedback->add(Array)
#6 [internal function]: App\Api\Feedback->add()
#7 /www/wwwroot/demo.sdwanyue.com/phalapi/vendor/phalapi/kernal/src/PhalApi.php(53): call_user_func(Array)
#8 /www/wwwroot/demo.sdwanyue.com/public/api/index.php(9): PhalApi\PhalApi->response()
#9 {main}
2021-01-05 17:54:13|ERROR|App.Feedback.Add|PDOException: SQLSTATE[42S02]: Base table or view not found: 1146 Table 'demo_sdwanyue_co.cmf_feedback' doesn't exist in /www/wwwroot/demo.sdwanyue.com/phalapi/vendor/phalapi/notorm/src/NotORM/Result.php:271
Stack trace:
#0 /www/wwwroot/demo.sdwanyue.com/phalapi/vendor/phalapi/notorm/src/NotORM/Result.php(271): PDOStatement->execute()
#1 /www/wwwroot/demo.sdwanyue.com/phalapi/vendor/phalapi/notorm/src/NotORM/Result.php(397): NotORM_Result->query('INSERT  INTO cm...', Array)
#2 /www/wwwroot/demo.sdwanyue.com/phalapi/vendor/phalapi/notorm/src/NotORM/Result.php(414): NotORM_Result->insert_multi(Array)
#3 /www/wwwroot/demo.sdwanyue.com/phalapi/src/app/Model/Feedback.php(11): NotORM_Result->insert(Array)
#4 /www/wwwroot/demo.sdwanyue.com/phalapi/src/app/Domain/Feedback.php(13): App\Model\Feedback->add(Array)
#5 /www/wwwroot/demo.sdwanyue.com/phalapi/src/app/Api/Feedback.php(66): App\Domain\Feedback->add(Array)
#6 [internal function]: App\Api\Feedback->add()
#7 /www/wwwroot/demo.sdwanyue.com/phalapi/vendor/phalapi/kernal/src/PhalApi.php(53): call_user_func(Array)
#8 /www/wwwroot/demo.sdwanyue.com/public/api/index.php(9): PhalApi\PhalApi->response()
#9 {main}
